<?xml version="1.0" encoding="UTF-8"?>
<!-- Generated by org.testng.reporters.JUnitReportReporter -->
<testsuite hostname="DESKTOP-DDU087D" failures="0" tests="1" name="testCases.BookTest" time="25.518" errors="0" timestamp="2023-04-09T22:51:23 BDT" skipped="0">
  <testcase classname="testCases.BookTest" name="bookonTest" time="25.518"/>
  <system-out/>
</testsuite> <!-- testCases.BookTest -->
