<?xml version="1.0" encoding="UTF-8"?>
<!-- Generated by org.testng.reporters.JUnitReportReporter -->
<testsuite hostname="DESKTOP-DDU087D" failures="0" tests="1" name="testCases.HomePageTest" time="25.008" errors="0" timestamp="2023-04-09T22:50:30 BDT" skipped="0">
  <testcase classname="testCases.HomePageTest" name="testHomePageUrl" time="25.008"/>
  <system-out/>
</testsuite> <!-- testCases.HomePageTest -->
