<?xml version="1.0" encoding="UTF-8"?>
<!-- Generated by org.testng.reporters.JUnitReportReporter -->
<testsuite hostname="DESKTOP-DDU087D" failures="0" tests="1" name="testCases.SelectedBookTest" time="13.518" errors="0" timestamp="2023-04-04T00:16:40 BDT" skipped="0">
  <testcase classname="testCases.SelectedBookTest" name="selectedBookTest" time="13.518"/>
  <system-out/>
</testsuite> <!-- testCases.SelectedBookTest -->
