<?xml version="1.0" encoding="UTF-8"?>
<!-- Generated by org.testng.reporters.JUnitReportReporter -->
<testsuite hostname="DESKTOP-DDU087D" failures="0" tests="1" name="testCases.ProkashoniPageTest" time="12.500" errors="0" timestamp="2023-04-10T01:09:50 BDT" skipped="0">
  <testcase classname="testCases.ProkashoniPageTest" name="enterSonchalonProkashoniTest" time="12.500"/>
  <system-out/>
</testsuite> <!-- testCases.ProkashoniPageTest -->
