<?xml version="1.0" encoding="UTF-8"?>
<!-- Generated by org.testng.reporters.JUnitReportReporter -->
<testsuite hostname="DESKTOP-DDU087D" failures="0" tests="1" name="testCases.CheckOutPageTest" time="90.586" errors="0" timestamp="2023-04-11T00:30:13 BDT" skipped="0">
  <testcase classname="testCases.CheckOutPageTest" name="testCheckOutProcess" time="90.586"/>
  <system-out/>
</testsuite> <!-- testCases.CheckOutPageTest -->
