<?xml version="1.0" encoding="UTF-8"?>
<!-- Generated by org.testng.reporters.JUnitReportReporter -->
<testsuite hostname="DESKTOP-DDU087D" failures="0" tests="1" name="testCases.SelectedBookpageTest" time="20.660" errors="0" timestamp="2023-04-03T23:31:32 BDT" skipped="0">
  <testcase classname="testCases.SelectedBookpageTest" name="selectedBookTest" time="20.660"/>
  <system-out/>
</testsuite> <!-- testCases.SelectedBookpageTest -->
