<?xml version="1.0" encoding="UTF-8"?>
<!-- Generated by org.testng.reporters.JUnitReportReporter -->
<testsuite hostname="DESKTOP-DDU087D" failures="0" tests="1" name="testCases.BookTest" time="28.965" errors="0" timestamp="2023-04-05T03:46:05 BDT" skipped="0">
  <testcase classname="testCases.BookTest" name="bookonTest" time="28.965"/>
  <system-out/>
</testsuite> <!-- testCases.BookTest -->
