<?xml version="1.0" encoding="UTF-8"?>
<!-- Generated by org.testng.reporters.JUnitReportReporter -->
<testsuite hostname="DESKTOP-DDU087D" failures="0" tests="1" name="testCases.ProkashoniPageTest" time="24.255" errors="0" timestamp="2023-04-04T22:27:36 BDT" skipped="0">
  <testcase classname="testCases.ProkashoniPageTest" name="enterSonchalonProkashoniTest" time="24.255"/>
  <system-out/>
</testsuite> <!-- testCases.ProkashoniPageTest -->
