<?xml version="1.0" encoding="UTF-8"?>
<!-- Generated by org.testng.reporters.JUnitReportReporter -->
<testsuite hostname="DESKTOP-DDU087D" failures="0" tests="1" name="testCases.HomePageTest" time="67.116" errors="0" timestamp="2023-03-30T21:36:13 BDT" skipped="0">
  <testcase classname="testCases.HomePageTest" name="testHomePageUrl" time="67.116"/>
  <system-out/>
</testsuite> <!-- testCases.HomePageTest -->
