<?xml version="1.0" encoding="UTF-8"?>
<!-- Generated by org.testng.reporters.JUnitReportReporter -->
<testsuite hostname="DESKTOP-DDU087D" failures="0" tests="1" name="testCases.CheckOutPageTest" time="9.582" errors="0" timestamp="2023-04-05T03:52:33 BDT" skipped="0">
  <testcase classname="testCases.CheckOutPageTest" name="testCheckOutProcess" time="9.582"/>
  <system-out/>
</testsuite> <!-- testCases.CheckOutPageTest -->
