<?xml version="1.0" encoding="UTF-8"?>
<!-- Generated by org.testng.reporters.JUnitReportReporter -->
<testsuite hostname="DESKTOP-DDU087D" failures="0" tests="1" name="testCases.HomePageTest" time="32.078" errors="0" timestamp="2023-04-04T22:11:55 BDT" skipped="0">
  <testcase classname="testCases.HomePageTest" name="testHomePageUrl" time="32.078"/>
  <system-out/>
</testsuite> <!-- testCases.HomePageTest -->
